Release 14.7 - xst P.20131013 (nt64)
Copyright (c) 1995-2013 Xilinx, Inc.  All rights reserved.
--> Parameter TMPDIR set to xst/projnav.tmp


Total REAL time to Xst completion: 1.00 secs
Total CPU time to Xst completion: 0.09 secs
 
--> Parameter xsthdpdir set to xst


Total REAL time to Xst completion: 1.00 secs
Total CPU time to Xst completion: 0.09 secs
 
--> Reading design: I_O.prj

TABLE OF CONTENTS
  1) Synthesis Options Summary
  2) HDL Compilation
  3) Design Hierarchy Analysis
  4) HDL Analysis
  5) HDL Synthesis
     5.1) HDL Synthesis Report
  6) Advanced HDL Synthesis
     6.1) Advanced HDL Synthesis Report
  7) Low Level Synthesis
  8) Partition Report
  9) Final Report
	9.1) Device utilization summary
	9.2) Partition Resource Summary
	9.3) TIMING REPORT


=========================================================================
*                      Synthesis Options Summary                        *
=========================================================================
---- Source Parameters
Input File Name                    : "I_O.prj"
Input Format                       : mixed
Ignore Synthesis Constraint File   : NO

---- Target Parameters
Output File Name                   : "I_O"
Output Format                      : NGC
Target Device                      : xc3s50a-5-tq144

---- Source Options
Top Module Name                    : I_O
Automatic FSM Extraction           : YES
FSM Encoding Algorithm             : Auto
Safe Implementation                : No
FSM Style                          : LUT
RAM Extraction                     : Yes
RAM Style                          : Auto
ROM Extraction                     : Yes
Mux Style                          : Auto
Decoder Extraction                 : YES
Priority Encoder Extraction        : Yes
Shift Register Extraction          : YES
Logical Shifter Extraction         : YES
XOR Collapsing                     : YES
ROM Style                          : Auto
Mux Extraction                     : Yes
Resource Sharing                   : YES
Asynchronous To Synchronous        : NO
Multiplier Style                   : Auto
Automatic Register Balancing       : No

---- Target Options
Add IO Buffers                     : YES
Global Maximum Fanout              : 100000
Add Generic Clock Buffer(BUFG)     : 24
Register Duplication               : YES
Slice Packing                      : YES
Optimize Instantiated Primitives   : NO
Use Clock Enable                   : Yes
Use Synchronous Set                : Yes
Use Synchronous Reset              : Yes
Pack IO Registers into IOBs        : Auto
Equivalent register Removal        : YES

---- General Options
Optimization Goal                  : Speed
Optimization Effort                : 1
Keep Hierarchy                     : No
Netlist Hierarchy                  : As_Optimized
RTL Output                         : Yes
Global Optimization                : AllClockNets
Read Cores                         : YES
Write Timing Constraints           : NO
Cross Clock Analysis               : NO
Hierarchy Separator                : /
Bus Delimiter                      : <>
Case Specifier                     : Maintain
Slice Utilization Ratio            : 100
BRAM Utilization Ratio             : 100
Verilog 2001                       : YES
Auto BRAM Packing                  : NO
Slice Utilization Ratio Delta      : 5

=========================================================================


=========================================================================
*                          HDL Compilation                              *
=========================================================================
Compiling vhdl file "C:/Users/ja/Desktop/work/FPGA/projekty/DCEQ816/I_O.vhd" in Library work.
Entity <i_o> compiled.
Entity <i_o> (Architecture <behavioral>) compiled.

=========================================================================
*                     Design Hierarchy Analysis                         *
=========================================================================
Analyzing hierarchy for entity <I_O> in library <work> (architecture <behavioral>).


=========================================================================
*                            HDL Analysis                               *
=========================================================================
Analyzing Entity <I_O> in library <work> (Architecture <behavioral>).
Entity <I_O> analyzed. Unit <I_O> generated.


=========================================================================
*                           HDL Synthesis                               *
=========================================================================

Performing bidirectional port resolution...

Synthesizing Unit <I_O>.
    Related source file is "C:/Users/ja/Desktop/work/FPGA/projekty/DCEQ816/I_O.vhd".
    Found 8-bit register for signal <IO_out1>.
    Found 8-bit register for signal <IO_out2>.
    Found 8-bit register for signal <IO_out3>.
    Summary:
	inferred  24 D-type flip-flop(s).
Unit <I_O> synthesized.


=========================================================================
HDL Synthesis Report

Macro Statistics
# Registers                                            : 3
 8-bit register                                        : 3

=========================================================================

=========================================================================
*                       Advanced HDL Synthesis                          *
=========================================================================


=========================================================================
Advanced HDL Synthesis Report

Macro Statistics
# Registers                                            : 24
 Flip-Flops                                            : 24

=========================================================================

=========================================================================
*                         Low Level Synthesis                           *
=========================================================================

Optimizing unit <I_O> ...

Mapping all equations...
Building and optimizing final netlist ...
Found area constraint ratio of 100 (+ 5) on block I_O, actual ratio is 1.

Final Macro Processing ...

=========================================================================
Final Register Report

Macro Statistics
# Registers                                            : 24
 Flip-Flops                                            : 24

=========================================================================

=========================================================================
*                           Partition Report                            *
=========================================================================

Partition Implementation Status
-------------------------------

  No Partitions were found in this design.

-------------------------------

=========================================================================
*                            Final Report                               *
=========================================================================
Final Results
RTL Top Level Output File Name     : I_O.ngr
Top Level Output File Name         : I_O
Output Format                      : NGC
Optimization Goal                  : Speed
Keep Hierarchy                     : No

Design Statistics
# IOs                              : 44

Cell Usage :
# FlipFlops/Latches                : 24
#      FDC                         : 24
# Clock Buffers                    : 3
#      BUFGP                       : 3
# IO Buffers                       : 41
#      IBUF                        : 17
#      OBUF                        : 24
=========================================================================

Device utilization summary:
---------------------------

Selected Device : 3s50atq144-5 

 Number of Slices:                        0  out of    704     0%  
 Number of IOs:                          44
 Number of bonded IOBs:                  44  out of    108    40%  
    IOB Flip Flops:                      24
 Number of GCLKs:                         3  out of     24    12%  

---------------------------
Partition Resource Summary:
---------------------------

  No Partitions were found in this design.

---------------------------


=========================================================================
TIMING REPORT

NOTE: THESE TIMING NUMBERS ARE ONLY A SYNTHESIS ESTIMATE.
      FOR ACCURATE TIMING INFORMATION PLEASE REFER TO THE TRACE REPORT
      GENERATED AFTER PLACE-and-ROUTE.

Clock Information:
------------------
-----------------------------------+------------------------+-------+
Clock Signal                       | Clock buffer(FF name)  | Load  |
-----------------------------------+------------------------+-------+
IO_ms<1>                           | BUFGP                  | 8     |
IO_ms<3>                           | BUFGP                  | 8     |
IO_ms<2>                           | BUFGP                  | 8     |
-----------------------------------+------------------------+-------+

Asynchronous Control Signals Information:
----------------------------------------
-----------------------------------+------------------------+-------+
Control Signal                     | Buffer(FF name)        | Load  |
-----------------------------------+------------------------+-------+
IO_ms<0>                           | IBUF                   | 24    |
-----------------------------------+------------------------+-------+

Timing Summary:
---------------
Speed Grade: -5

   Minimum period: No path found
   Minimum input arrival time before clock: 1.401ns
   Maximum output required time after clock: 5.248ns
   Maximum combinational path delay: No path found

Timing Detail:
--------------
All values displayed in nanoseconds (ns)

=========================================================================
Timing constraint: Default OFFSET IN BEFORE for Clock 'IO_ms<1>'
  Total number of paths / destination ports: 8 / 8
-------------------------------------------------------------------------
Offset:              1.401ns (Levels of Logic = 1)
  Source:            IO_bus<0> (PAD)
  Destination:       IO_out3_0 (FF)
  Destination Clock: IO_ms<1> rising

  Data Path: IO_bus<0> to IO_out3_0
                                Gate     Net
    Cell:in->out      fanout   Delay   Delay  Logical Name (Net Name)
    ----------------------------------------  ------------
     IBUF:I->O             2   0.824   0.380  IO_bus_0_IBUF (IO_bus_0_IBUF)
     FDC:D                     0.197          IO_out3_0
    ----------------------------------------
    Total                      1.401ns (1.021ns logic, 0.380ns route)
                                       (72.9% logic, 27.1% route)

=========================================================================
Timing constraint: Default OFFSET IN BEFORE for Clock 'IO_ms<3>'
  Total number of paths / destination ports: 8 / 8
-------------------------------------------------------------------------
Offset:              1.378ns (Levels of Logic = 1)
  Source:            IO_in<0> (PAD)
  Destination:       IO_out1_0 (FF)
  Destination Clock: IO_ms<3> rising

  Data Path: IO_in<0> to IO_out1_0
                                Gate     Net
    Cell:in->out      fanout   Delay   Delay  Logical Name (Net Name)
    ----------------------------------------  ------------
     IBUF:I->O             1   0.824   0.357  IO_in_0_IBUF (IO_in_0_IBUF)
     FDC:D                     0.197          IO_out1_0
    ----------------------------------------
    Total                      1.378ns (1.021ns logic, 0.357ns route)
                                       (74.1% logic, 25.9% route)

=========================================================================
Timing constraint: Default OFFSET IN BEFORE for Clock 'IO_ms<2>'
  Total number of paths / destination ports: 8 / 8
-------------------------------------------------------------------------
Offset:              1.401ns (Levels of Logic = 1)
  Source:            IO_bus<0> (PAD)
  Destination:       IO_out2_0 (FF)
  Destination Clock: IO_ms<2> rising

  Data Path: IO_bus<0> to IO_out2_0
                                Gate     Net
    Cell:in->out      fanout   Delay   Delay  Logical Name (Net Name)
    ----------------------------------------  ------------
     IBUF:I->O             2   0.824   0.380  IO_bus_0_IBUF (IO_bus_0_IBUF)
     FDC:D                     0.197          IO_out2_0
    ----------------------------------------
    Total                      1.401ns (1.021ns logic, 0.380ns route)
                                       (72.9% logic, 27.1% route)

=========================================================================
Timing constraint: Default OFFSET OUT AFTER for Clock 'IO_ms<3>'
  Total number of paths / destination ports: 8 / 8
-------------------------------------------------------------------------
Offset:              5.248ns (Levels of Logic = 1)
  Source:            IO_out1_7 (FF)
  Destination:       IO_out1<7> (PAD)
  Source Clock:      IO_ms<3> rising

  Data Path: IO_out1_7 to IO_out1<7>
                                Gate     Net
    Cell:in->out      fanout   Delay   Delay  Logical Name (Net Name)
    ----------------------------------------  ------------
     FDC:C->Q              1   0.495   0.357  IO_out1_7 (IO_out1_7)
     OBUF:I->O                 4.396          IO_out1_7_OBUF (IO_out1<7>)
    ----------------------------------------
    Total                      5.248ns (4.891ns logic, 0.357ns route)
                                       (93.2% logic, 6.8% route)

=========================================================================
Timing constraint: Default OFFSET OUT AFTER for Clock 'IO_ms<2>'
  Total number of paths / destination ports: 8 / 8
-------------------------------------------------------------------------
Offset:              5.248ns (Levels of Logic = 1)
  Source:            IO_out2_7 (FF)
  Destination:       IO_out2<7> (PAD)
  Source Clock:      IO_ms<2> rising

  Data Path: IO_out2_7 to IO_out2<7>
                                Gate     Net
    Cell:in->out      fanout   Delay   Delay  Logical Name (Net Name)
    ----------------------------------------  ------------
     FDC:C->Q              1   0.495   0.357  IO_out2_7 (IO_out2_7)
     OBUF:I->O                 4.396          IO_out2_7_OBUF (IO_out2<7>)
    ----------------------------------------
    Total                      5.248ns (4.891ns logic, 0.357ns route)
                                       (93.2% logic, 6.8% route)

=========================================================================
Timing constraint: Default OFFSET OUT AFTER for Clock 'IO_ms<1>'
  Total number of paths / destination ports: 8 / 8
-------------------------------------------------------------------------
Offset:              5.248ns (Levels of Logic = 1)
  Source:            IO_out3_7 (FF)
  Destination:       IO_out3<7> (PAD)
  Source Clock:      IO_ms<1> rising

  Data Path: IO_out3_7 to IO_out3<7>
                                Gate     Net
    Cell:in->out      fanout   Delay   Delay  Logical Name (Net Name)
    ----------------------------------------  ------------
     FDC:C->Q              1   0.495   0.357  IO_out3_7 (IO_out3_7)
     OBUF:I->O                 4.396          IO_out3_7_OBUF (IO_out3<7>)
    ----------------------------------------
    Total                      5.248ns (4.891ns logic, 0.357ns route)
                                       (93.2% logic, 6.8% route)

=========================================================================


Total REAL time to Xst completion: 5.00 secs
Total CPU time to Xst completion: 4.40 secs
 
--> 

Total memory usage is 257732 kilobytes

Number of errors   :    0 (   0 filtered)
Number of warnings :    0 (   0 filtered)
Number of infos    :    0 (   0 filtered)

